# JRE version: Java(TM) SE Runtime Environment (8.0_92-b14) (build 1.8.0_92-b14)
# Java VM: Java HotSpot(TM) 64-Bit Server VM (25.92-b14 mixed mode windows-amd64 compressed oops)
Heap:
 PSYoungGen      total 446976K, used 336171K [0x00000000e0000000, 0x0000000100000000, 0x0000000100000000)
  eden space 369664K, 90% used [0x00000000e0000000,0x00000000f484acf0,0x00000000f6900000)
  from space 77312K, 0% used [0x00000000f6900000,0x00000000f6900000,0x00000000fb480000)
  to   space 77312K, 0% used [0x00000000fb480000,0x00000000fb480000,0x0000000100000000)
 ParOldGen       total 272896K, used 125067K [0x00000000a0000000, 0x00000000b0a80000, 0x00000000e0000000)
  object space 272896K, 45% used [0x00000000a0000000,0x00000000a7a22c90,0x00000000b0a80000)
 Metaspace       used 73812K, capacity 76720K, committed 77056K, reserved 1116160K
  class space    used 9586K, capacity 10171K, committed 10240K, reserved 1048576K
GC Heap History (10 events):
Event: 487.423 GC heap before
{Heap before GC invocations=21 (full 5):
 PSYoungGen      total 330752K, used 328104K [0x00000000e0000000, 0x00000000f8e80000, 0x0000000100000000)
  eden space 303616K, 100% used [0x00000000e0000000,0x00000000f2880000,0x00000000f2880000)
  from space 27136K, 90% used [0x00000000f2880000,0x00000000f406a1f8,0x00000000f4300000)
  to   space 29696K, 0% used [0x00000000f7180000,0x00000000f7180000,0x00000000f8e80000)
 ParOldGen       total 147968K, used 49609K [0x00000000a0000000, 0x00000000a9080000, 0x00000000e0000000)
  object space 147968K, 33% used [0x00000000a0000000,0x00000000a3072548,0x00000000a9080000)
 Metaspace       used 73115K, capacity 75970K, committed 76288K, reserved 1116160K
  class space    used 9544K, capacity 10134K, committed 10240K, reserved 1048576K
Event: 487.547 GC heap after
Heap after GC invocations=21 (full 5):
 PSYoungGen      total 362496K, used 29680K [0x00000000e0000000, 0x00000000fcf00000, 0x0000000100000000)
  eden space 332800K, 0% used [0x00000000e0000000,0x00000000e0000000,0x00000000f4500000)
  from space 29696K, 99% used [0x00000000f7180000,0x00000000f8e7c1d8,0x00000000f8e80000)
  to   space 45568K, 0% used [0x00000000f4500000,0x00000000f4500000,0x00000000f7180000)
 ParOldGen       total 147968K, used 80275K [0x00000000a0000000, 0x00000000a9080000, 0x00000000e0000000)
  object space 147968K, 54% used [0x00000000a0000000,0x00000000a4e64c18,0x00000000a9080000)
 Metaspace       used 73115K, capacity 75970K, committed 76288K, reserved 1116160K
  class space    used 9544K, capacity 10134K, committed 10240K, reserved 1048576K
}
Event: 489.057 GC heap before
{Heap before GC invocations=22 (full 5):
 PSYoungGen      total 362496K, used 362480K [0x00000000e0000000, 0x00000000fcf00000, 0x0000000100000000)
  eden space 332800K, 100% used [0x00000000e0000000,0x00000000f4500000,0x00000000f4500000)
  from space 29696K, 99% used [0x00000000f7180000,0x00000000f8e7c1d8,0x00000000f8e80000)
  to   space 45568K, 0% used [0x00000000f4500000,0x00000000f4500000,0x00000000f7180000)
 ParOldGen       total 147968K, used 80275K [0x00000000a0000000, 0x00000000a9080000, 0x00000000e0000000)
  object space 147968K, 54% used [0x00000000a0000000,0x00000000a4e64c18,0x00000000a9080000)
 Metaspace       used 73312K, capacity 76226K, committed 76544K, reserved 1116160K
  class space    used 9547K, capacity 10134K, committed 10240K, reserved 1048576K
Event: 489.190 GC heap after
Heap after GC invocations=22 (full 5):
 PSYoungGen      total 378368K, used 45547K [0x00000000e0000000, 0x0000000100000000, 0x0000000100000000)
  eden space 332800K, 0% used [0x00000000e0000000,0x00000000e0000000,0x00000000f4500000)
  from space 45568K, 99% used [0x00000000f4500000,0x00000000f717aef8,0x00000000f7180000)
  to   space 62976K, 0% used [0x00000000fc280000,0x00000000fc280000,0x0000000100000000)
 ParOldGen       total 147968K, used 107514K [0x00000000a0000000, 0x00000000a9080000, 0x00000000e0000000)
  object space 147968K, 72% used [0x00000000a0000000,0x00000000a68feb38,0x00000000a9080000)
 Metaspace       used 73312K, capacity 76226K, committed 76544K, reserved 1116160K
  class space    used 9547K, capacity 10134K, committed 10240K, reserved 1048576K
}
Event: 490.852 GC heap before
{Heap before GC invocations=23 (full 5):
 PSYoungGen      total 378368K, used 378347K [0x00000000e0000000, 0x0000000100000000, 0x0000000100000000)
  eden space 332800K, 100% used [0x00000000e0000000,0x00000000f4500000,0x00000000f4500000)
  from space 45568K, 99% used [0x00000000f4500000,0x00000000f717aef8,0x00000000f7180000)
  to   space 62976K, 0% used [0x00000000fc280000,0x00000000fc280000,0x0000000100000000)
 ParOldGen       total 147968K, used 107514K [0x00000000a0000000, 0x00000000a9080000, 0x00000000e0000000)
  object space 147968K, 72% used [0x00000000a0000000,0x00000000a68feb38,0x00000000a9080000)
 Metaspace       used 73450K, capacity 76354K, committed 76544K, reserved 1116160K
  class space    used 9549K, capacity 10134K, committed 10240K, reserved 1048576K
Event: 491.059 GC heap after
Heap after GC invocations=23 (full 5):
 PSYoungGen      total 432640K, used 62963K [0x00000000e0000000, 0x0000000100000000, 0x0000000100000000)
  eden space 369664K, 0% used [0x00000000e0000000,0x00000000e0000000,0x00000000f6900000)
  from space 62976K, 99% used [0x00000000fc280000,0x00000000ffffcca0,0x0000000100000000)
  to   space 77312K, 0% used [0x00000000f6900000,0x00000000f6900000,0x00000000fb480000)
 ParOldGen       total 147968K, used 118423K [0x00000000a0000000, 0x00000000a9080000, 0x00000000e0000000)
  object space 147968K, 80% used [0x00000000a0000000,0x00000000a73a5eb0,0x00000000a9080000)
 Metaspace       used 73450K, capacity 76354K, committed 76544K, reserved 1116160K
  class space    used 9549K, capacity 10134K, committed 10240K, reserved 1048576K
}
Event: 492.562 GC heap before
{Heap before GC invocations=24 (full 5):
 PSYoungGen      total 432640K, used 432627K [0x00000000e0000000, 0x0000000100000000, 0x0000000100000000)
  eden space 369664K, 100% used [0x00000000e0000000,0x00000000f6900000,0x00000000f6900000)
  from space 62976K, 99% used [0x00000000fc280000,0x00000000ffffcca0,0x0000000100000000)
  to   space 77312K, 0% used [0x00000000f6900000,0x00000000f6900000,0x00000000fb480000)
 ParOldGen       total 147968K, used 118423K [0x00000000a0000000, 0x00000000a9080000, 0x00000000e0000000)
  object space 147968K, 80% used [0x00000000a0000000,0x00000000a73a5eb0,0x00000000a9080000)
 Metaspace       used 73492K, capacity 76354K, committed 76544K, reserved 1116160K
  class space    used 9550K, capacity 10134K, committed 10240K, reserved 1048576K
Event: 492.801 GC heap after
Heap after GC invocations=24 (full 5):
 PSYoungGen      total 446976K, used 77292K [0x00000000e0000000, 0x0000000100000000, 0x0000000100000000)
  eden space 369664K, 0% used [0x00000000e0000000,0x00000000e0000000,0x00000000f6900000)
  from space 77312K, 99% used [0x00000000f6900000,0x00000000fb47b278,0x00000000fb480000)
  to   space 77312K, 0% used [0x00000000fb480000,0x00000000fb480000,0x0000000100000000)
 ParOldGen       total 147968K, used 135947K [0x00000000a0000000, 0x00000000a9080000, 0x00000000e0000000)
  object space 147968K, 91% used [0x00000000a0000000,0x00000000a84c2d08,0x00000000a9080000)
 Metaspace       used 73492K, capacity 76354K, committed 76544K, reserved 1116160K
  class space    used 9550K, capacity 10134K, committed 10240K, reserved 1048576K
}
Event: 492.801 GC heap before
{Heap before GC invocations=25 (full 6):
 PSYoungGen      total 446976K, used 77292K [0x00000000e0000000, 0x0000000100000000, 0x0000000100000000)
  eden space 369664K, 0% used [0x00000000e0000000,0x00000000e0000000,0x00000000f6900000)
  from space 77312K, 99% used [0x00000000f6900000,0x00000000fb47b278,0x00000000fb480000)
  to   space 77312K, 0% used [0x00000000fb480000,0x00000000fb480000,0x0000000100000000)
 ParOldGen       total 147968K, used 135947K [0x00000000a0000000, 0x00000000a9080000, 0x00000000e0000000)
  object space 147968K, 91% used [0x00000000a0000000,0x00000000a84c2d08,0x00000000a9080000)
 Metaspace       used 73492K, capacity 76354K, committed 76544K, reserved 1116160K
  class space    used 9550K, capacity 10134K, committed 10240K, reserved 1048576K
Event: 493.743 GC heap after
Heap after GC invocations=25 (full 6):
 PSYoungGen      total 446976K, used 0K [0x00000000e0000000, 0x0000000100000000, 0x0000000100000000)
  eden space 369664K, 0% used [0x00000000e0000000,0x00000000e0000000,0x00000000f6900000)
  from space 77312K, 0% used [0x00000000f6900000,0x00000000f6900000,0x00000000fb480000)
  to   space 77312K, 0% used [0x00000000fb480000,0x00000000fb480000,0x0000000100000000)
 ParOldGen       total 272896K, used 125067K [0x00000000a0000000, 0x00000000b0a80000, 0x00000000e0000000)
  object space 272896K, 45% used [0x00000000a0000000,0x00000000a7a22c90,0x00000000b0a80000)
 Metaspace       used 73484K, capacity 76334K, committed 76544K, reserved 1116160K
  class space    used 9548K, capacity 10130K, committed 10240K, reserved 1048576K
}

